<?xml version="1.0" encoding="UTF-8"?>
<!-- Generated by org.testng.reporters.JUnitReportReporter -->
<testsuite hostname="DESKTOP-O3JQN8N" failures="0" tests="2" name="testNG.TestNgLearn" time="0.023" errors="0" timestamp="2022-12-17T09:12:09 IST" skipped="0">
  <testcase classname="testNG.TestNgLearn" name="b" time="0.007"/>
  <system-out/>
  <testcase classname="testNG.TestNgLearn" name="a" time="0.016"/>
  <system-out/>
</testsuite> <!-- testNG.TestNgLearn -->
